app/build/intermediates/manifest_merge_blame_file/debug/manifest-merger-blame-debug-report.txt
1<?xml version="1.0" encoding="utf-8"?>
2<manifest xmlns:android="http://schemas.android.com/apk/res/android"
3    package="com.rafraph.pnineyHalachaHashalem"
4    android:hardwareAccelerated="true"
5    android:installLocation="auto"
6    android:usesCleartextTraffic="true"
7    android:versionCode="50114"
8    android:versionName="5.1.14" >
9
10    <uses-sdk
11        android:minSdkVersion="16"
11-->src\main\AndroidManifest.xml
12        android:targetSdkVersion="30" />
12-->src\main\AndroidManifest.xml
13
14    <uses-permission android:name="android.permission.ACCESS_NETWORK_STATE" />
14-->src\main\AndroidManifest.xml:9:5-79
14-->src\main\AndroidManifest.xml:9:22-76
15    <uses-permission android:name="android.permission.INTERNET" />
15-->src\main\AndroidManifest.xml:10:5-67
15-->src\main\AndroidManifest.xml:10:22-64
16    <uses-permission android:name="android.permission.WAKE_LOCK" />
16-->src\main\AndroidManifest.xml:11:5-68
16-->src\main\AndroidManifest.xml:11:22-65
17    <uses-permission android:name="android.permission.FOREGROUND_SERVICE" />
17-->src\main\AndroidManifest.xml:12:5-77
17-->src\main\AndroidManifest.xml:12:22-74
18    <uses-permission android:name="android.permission.SET_ALARM" />
18-->src\main\AndroidManifest.xml:13:5-67
18-->src\main\AndroidManifest.xml:13:22-65
19    <uses-permission android:name="android.permission.ACCESS_NETWORK_STATE" />
19-->src\main\AndroidManifest.xml:9:5-79
19-->src\main\AndroidManifest.xml:9:22-76
20    <uses-permission android:name="android.permission.INTERNET" />
20-->src\main\AndroidManifest.xml:10:5-67
20-->src\main\AndroidManifest.xml:10:22-64
21    <uses-permission android:name="android.permission.WAKE_LOCK" />
21-->src\main\AndroidManifest.xml:11:5-68
21-->src\main\AndroidManifest.xml:11:22-65
22    <uses-permission android:name="android.permission.FOREGROUND_SERVICE" />
22-->src\main\AndroidManifest.xml:12:5-77
22-->src\main\AndroidManifest.xml:12:22-74
23    <uses-permission android:name="android.permission.INTERNET" />
23-->src\main\AndroidManifest.xml:10:5-67
23-->src\main\AndroidManifest.xml:10:22-64
24    <uses-permission android:name="android.permission.INTERNET" />
24-->src\main\AndroidManifest.xml:10:5-67
24-->src\main\AndroidManifest.xml:10:22-64
25
26    <application
26-->src\main\AndroidManifest.xml:22:5-106:19
27        android:allowBackup="true"
27-->src\main\AndroidManifest.xml:23:9-35
28        android:appComponentFactory="android.support.v4.app.CoreComponentFactory"
28-->[com.android.support:support-compat:28.0.0] AndroidManifest.xml:22:18-91
29        android:debuggable="true"
30        android:hardwareAccelerated="true"
30-->src\main\AndroidManifest.xml:24:9-43
31        android:icon="@drawable/pniney_icon"
31-->src\main\AndroidManifest.xml:25:9-45
32        android:label="@string/app_name"
32-->src\main\AndroidManifest.xml:26:9-41
33        android:testOnly="true"
34        android:theme="@style/AppTheme" >
34-->src\main\AndroidManifest.xml:27:9-40
35        <activity
35-->src\main\AndroidManifest.xml:28:9-30:79
36            android:name="com.rafraph.pnineyHalachaHashalem.HomePage"
36-->src\main\AndroidManifest.xml:29:13-37
37            android:theme="@android:style/Theme.Black.NoTitleBar.Fullscreen" />
37-->src\main\AndroidManifest.xml:30:13-77
38        <activity
38-->src\main\AndroidManifest.xml:31:9-33:79
39            android:name="com.rafraph.pnineyHalachaHashalem.pninaYomit"
39-->src\main\AndroidManifest.xml:32:13-39
40            android:theme="@android:style/Theme.Black.NoTitleBar.Fullscreen" />
40-->src\main\AndroidManifest.xml:33:13-77
41        <activity
41-->src\main\AndroidManifest.xml:34:9-45:20
42            android:name="com.rafraph.pnineyHalachaHashalem.Splash"
42-->src\main\AndroidManifest.xml:35:13-35
43            android:exported="true"
43-->src\main\AndroidManifest.xml:39:13-36
44            android:hardwareAccelerated="true"
44-->src\main\AndroidManifest.xml:36:13-47
45            android:label="@string/app_name"
45-->src\main\AndroidManifest.xml:37:13-45
46            android:theme="@android:style/Theme.Light.NoTitleBar.Fullscreen" >
46-->src\main\AndroidManifest.xml:38:13-77
47            <intent-filter>
47-->src\main\AndroidManifest.xml:40:13-44:29
48                <action android:name="android.intent.action.MAIN" />
48-->src\main\AndroidManifest.xml:41:17-69
48-->src\main\AndroidManifest.xml:41:25-66
49
50                <category android:name="android.intent.category.LAUNCHER" />
50-->src\main\AndroidManifest.xml:43:17-77
50-->src\main\AndroidManifest.xml:43:27-74
51            </intent-filter>
52        </activity>
53        <activity
53-->src\main\AndroidManifest.xml:46:9-60:20
54            android:name="com.rafraph.pnineyHalachaHashalem.MainActivity"
54-->src\main\AndroidManifest.xml:47:13-41
55            android:exported="true"
55-->src\main\AndroidManifest.xml:50:13-36
56            android:hardwareAccelerated="true"
56-->src\main\AndroidManifest.xml:48:13-47
57            android:theme="@style/Theme.AppCompat.Light.NoActionBar" >
57-->src\main\AndroidManifest.xml:49:13-69
58            <intent-filter>
58-->src\main\AndroidManifest.xml:51:13-55:29
59                <action android:name="com.rafraph.ph_beta.MAINACTIVITY" />
59-->src\main\AndroidManifest.xml:52:17-75
59-->src\main\AndroidManifest.xml:52:25-72
60
61                <category android:name="android.intent.category.DEFAULT" />
61-->src\main\AndroidManifest.xml:54:17-76
61-->src\main\AndroidManifest.xml:54:27-73
62            </intent-filter>
63            <!-- enable the search dialog to send searches to SearchableActivity -->
64            <meta-data
64-->src\main\AndroidManifest.xml:57:13-59:55
65                android:name="android.app.default_searchable"
65-->src\main\AndroidManifest.xml:58:17-62
66                android:value=".SearchableActivity" />
66-->src\main\AndroidManifest.xml:59:17-52
67        </activity>
68        <activity
68-->src\main\AndroidManifest.xml:61:9-72:20
69            android:name="com.rafraph.pnineyHalachaHashalem.textMain"
69-->src\main\AndroidManifest.xml:62:13-37
70            android:configChanges="keyboardHidden|orientation|screenSize"
70-->src\main\AndroidManifest.xml:63:13-74
71            android:hardwareAccelerated="true"
71-->src\main\AndroidManifest.xml:64:13-47
72            android:label="@string/app_name"
72-->src\main\AndroidManifest.xml:65:13-45
73            android:theme="@style/Theme.AppCompat.Light.NoActionBar" >
73-->src\main\AndroidManifest.xml:66:13-69
74
75            <!-- enable the search dialog to send searches to SearchableActivity -->
76            <meta-data
76-->src\main\AndroidManifest.xml:57:13-59:55
77                android:name="android.app.default_searchable"
77-->src\main\AndroidManifest.xml:58:17-62
78                android:value=".SearchableActivity" />
78-->src\main\AndroidManifest.xml:59:17-52
79        </activity>
80        <activity
80-->src\main\AndroidManifest.xml:73:9-76:63
81            android:name="com.rafraph.pnineyHalachaHashalem.About"
81-->src\main\AndroidManifest.xml:74:13-34
82            android:label="@string/title_activity_about"
82-->src\main\AndroidManifest.xml:75:13-57
83            android:theme="@android:style/Theme.NoTitleBar" />
83-->src\main\AndroidManifest.xml:76:13-60
84        <activity
84-->src\main\AndroidManifest.xml:77:9-83:15
85            android:name="com.rafraph.pnineyHalachaHashalem.About_p"
85-->src\main\AndroidManifest.xml:78:13-36
86            android:configChanges="keyboardHidden|orientation|screenSize"
86-->src\main\AndroidManifest.xml:81:13-74
87            android:hardwareAccelerated="true"
87-->src\main\AndroidManifest.xml:82:13-47
88            android:label="@string/title_activity_about"
88-->src\main\AndroidManifest.xml:79:13-57
89            android:theme="@android:style/Theme.NoTitleBar" />
89-->src\main\AndroidManifest.xml:80:13-60
90        <activity
90-->src\main\AndroidManifest.xml:84:9-87:63
91            android:name="com.rafraph.pnineyHalachaHashalem.Feedback"
91-->src\main\AndroidManifest.xml:85:13-37
92            android:label="@string/title_activity_feedback"
92-->src\main\AndroidManifest.xml:86:13-60
93            android:theme="@android:style/Theme.NoTitleBar" />
93-->src\main\AndroidManifest.xml:87:13-60
94        <activity
94-->src\main\AndroidManifest.xml:89:9-92:63
95            android:name="com.rafraph.pnineyHalachaHashalem.SearchHelp"
95-->src\main\AndroidManifest.xml:90:13-39
96            android:label="@string/title_activity_search_help"
96-->src\main\AndroidManifest.xml:91:13-63
97            android:theme="@android:style/Theme.NoTitleBar" />
97-->src\main\AndroidManifest.xml:92:13-60
98        <activity
98-->src\main\AndroidManifest.xml:93:9-96:63
99            android:name="com.rafraph.pnineyHalachaHashalem.BookmarkActivity"
99-->src\main\AndroidManifest.xml:94:13-45
100            android:label="@string/title_activity_bookmark"
100-->src\main\AndroidManifest.xml:95:13-60
101            android:theme="@android:style/Theme.NoTitleBar" />
101-->src\main\AndroidManifest.xml:96:13-60
102        <activity
102-->src\main\AndroidManifest.xml:97:9-101:51
103            android:name="com.rafraph.pnineyHalachaHashalem.myAudio"
103-->src\main\AndroidManifest.xml:98:13-36
104            android:label="myAudio"
104-->src\main\AndroidManifest.xml:99:13-36
105            android:screenOrientation="portrait"
105-->src\main\AndroidManifest.xml:101:13-49
106            android:theme="@style/Theme.AppCompat.Light.NoActionBar" />
106-->src\main\AndroidManifest.xml:100:13-69
107
108        <service android:name="com.rafraph.pnineyHalachaHashalem.MediaPlayerService" />
108-->src\main\AndroidManifest.xml:103:9-55
108-->src\main\AndroidManifest.xml:103:18-52
109
110        <receiver android:name="com.rafraph.pnineyHalachaHashalem.Notification_reciver" />
110-->src\main\AndroidManifest.xml:105:9-57
110-->src\main\AndroidManifest.xml:105:19-55
111    </application>
112
113</manifest>